DEBUG tests/list_tests.c: 108: ----- RUNNING: ./tests/list_tests
DEBUG tests/list_tests.c: 98: 
----- test_create
DEBUG tests/list_tests.c: 99: 
----- test_push_pop
DEBUG tests/list_tests.c: 100: 
----- test_unshift
[ERROR] (tests/list_tests.c:60: errno: None) Wrong last value.
DEBUG tests/list_tests.c: 108: ----- RUNNING: ./tests/list_tests
DEBUG tests/list_tests.c: 98: 
----- test_create
DEBUG tests/list_tests.c: 99: 
----- test_push_pop
DEBUG tests/list_tests.c: 100: 
----- test_unshift
[ERROR] (tests/list_tests.c:60: errno: None) Wrong last value.
DEBUG tests/list_tests.c: 108: ----- RUNNING: ./tests/list_tests
DEBUG tests/list_tests.c: 98: 
----- test_create
DEBUG tests/list_tests.c: 99: 
----- test_push_pop
DEBUG tests/list_tests.c: 100: 
----- test_unshift
[ERROR] (tests/list_tests.c:60: errno: None) Wrong last value.
DEBUG tests/list_tests.c: 384: ----- RUNNING: ./tests/list_tests
DEBUG tests/list_tests.c: 370: 
----- test_list_create
DEBUG tests/list_tests.c: 371: 
----- test_list_count
DEBUG tests/list_tests.c: 372: 
----- test_list_first
DEBUG tests/list_tests.c: 373: 
----- test_list_last
DEBUG tests/list_tests.c: 374: 
----- test_list_push
DEBUG tests/list_tests.c: 375: 
----- test_list_pop
DEBUG tests/list_tests.c: 376: 
----- test_list_unshift
DEBUG tests/list_tests.c: 377: 
----- test_list_shift
DEBUG tests/list_tests.c: 378: 
----- test_list_remove
DEBUG tests/list_tests.c: 379: 
----- test_list_destroy
